<?xml version="1.0" encoding="UTF-8"?>
<!-- Generated by org.testng.reporters.JUnitXMLReporter -->
<testsuite ignored="0" hostname="DESKTOP-J9JQ713" failures="4" tests="7" name="Banking App Test" time="60.379" errors="0" timestamp="2022-10-18T01:33:44 AST">
  <testcase classname="com.inetbanking.testcases.TC_LoginTest_001" name="loginTest" time="2.241">
    <failure type="java.io.IOException" message="The filename, directory name, or volume label syntax is incorrect">
      <![CDATA[java.io.IOException: The filename, directory name, or volume label syntax is incorrect
at java.base/java.io.WinNTFileSystem.canonicalize0(Native Method)
at java.base/java.io.WinNTFileSystem.canonicalize(WinNTFileSystem.java:462)
at java.base/java.io.File.getCanonicalPath(File.java:626)
at org.apache.commons.io.FileUtils.requireCanonicalPathsNotEquals(FileUtils.java:2601)
at org.apache.commons.io.FileUtils.copyFile(FileUtils.java:842)
at org.apache.commons.io.FileUtils.copyFile(FileUtils.java:756)
at com.inetbanking.testcases.BaseClass.captureScreen(BaseClass.java:67)
at com.inetbanking.testcases.TC_LoginTest_001.loginTest(TC_LoginTest_001.java:31)
at java.base/java.util.ArrayList.forEach(ArrayList.java:1511)
... Removed 25 stack frames]]>
    </failure>
  </testcase> <!-- loginTest -->
  <testcase classname="com.inetbanking.testcases.TC_loginDDT_002" name="loginDDT" time="4.651"/>
  <testcase classname="com.inetbanking.testcases.TC_loginDDT_002" name="loginDDT" time="2.539">
    <failure type="junit.framework.AssertionFailedError">
      <![CDATA[junit.framework.AssertionFailedError
at junit.framework.Assert.fail(Assert.java:47)
at junit.framework.Assert.assertTrue(Assert.java:20)
at junit.framework.Assert.assertTrue(Assert.java:27)
at com.inetbanking.testcases.TC_loginDDT_002.loginDDT(TC_loginDDT_002.java:27)
at java.base/java.util.ArrayList.forEach(ArrayList.java:1511)
... Removed 25 stack frames]]>
    </failure>
  </testcase> <!-- loginDDT -->
  <testcase classname="com.inetbanking.testcases.TC_loginDDT_002" name="loginDDT" time="2.831">
    <failure type="junit.framework.AssertionFailedError">
      <![CDATA[junit.framework.AssertionFailedError
at junit.framework.Assert.fail(Assert.java:47)
at junit.framework.Assert.assertTrue(Assert.java:20)
at junit.framework.Assert.assertTrue(Assert.java:27)
at com.inetbanking.testcases.TC_loginDDT_002.loginDDT(TC_loginDDT_002.java:27)
at java.base/java.util.ArrayList.forEach(ArrayList.java:1511)
... Removed 25 stack frames]]>
    </failure>
  </testcase> <!-- loginDDT -->
  <testcase classname="com.inetbanking.testcases.TC_loginDDT_002" name="loginDDT" time="2.342">
    <failure type="junit.framework.AssertionFailedError">
      <![CDATA[junit.framework.AssertionFailedError
at junit.framework.Assert.fail(Assert.java:47)
at junit.framework.Assert.assertTrue(Assert.java:20)
at junit.framework.Assert.assertTrue(Assert.java:27)
at com.inetbanking.testcases.TC_loginDDT_002.loginDDT(TC_loginDDT_002.java:27)
at java.base/java.util.ArrayList.forEach(ArrayList.java:1511)
... Removed 25 stack frames]]>
    </failure>
  </testcase> <!-- loginDDT -->
  <testcase classname="com.inetbanking.testcases.TC_loginDDT_002" name="loginDDT" time="4.244"/>
  <testcase classname="com.inetbanking.testcases.TC_addCust_003" name="addNewCustomer" time="15.517"/>
</testsuite> <!-- Banking App Test -->
